<?xml version="1.0" encoding="UTF-8" ?>
<testsuite tests="7" failures="0" name="chromeOptions.TestRunner" time="135.131" errors="1" skipped="0">
  <properties>
    <property name="java.runtime.name" value="Java(TM) SE Runtime Environment"/>
    <property name="sun.boot.library.path" value="C:\Program Files\Java\jdk1.8.0_73\jre\bin"/>
    <property name="java.vm.version" value="25.73-b02"/>
    <property name="java.vm.vendor" value="Oracle Corporation"/>
    <property name="maven.multiModuleProjectDirectory" value="E:\Projects\Selenium\Cucumberdemo"/>
    <property name="java.vendor.url" value="http://java.oracle.com/"/>
    <property name="path.separator" value=";"/>
    <property name="guice.disable.misplaced.annotation.check" value="true"/>
    <property name="java.vm.name" value="Java HotSpot(TM) 64-Bit Server VM"/>
    <property name="file.encoding.pkg" value="sun.io"/>
    <property name="user.script" value=""/>
    <property name="user.country" value="IN"/>
    <property name="sun.java.launcher" value="SUN_STANDARD"/>
    <property name="sun.os.patch.level" value=""/>
    <property name="java.vm.specification.name" value="Java Virtual Machine Specification"/>
    <property name="user.dir" value="E:\Projects\Selenium\Cucumberdemo"/>
    <property name="java.runtime.version" value="1.8.0_73-b02"/>
    <property name="java.awt.graphicsenv" value="sun.awt.Win32GraphicsEnvironment"/>
    <property name="java.endorsed.dirs" value="C:\Program Files\Java\jdk1.8.0_73\jre\lib\endorsed"/>
    <property name="os.arch" value="amd64"/>
    <property name="java.io.tmpdir" value="C:\Users\Abdul\AppData\Local\Temp\"/>
    <property name="line.separator" value="
"/>
    <property name="java.vm.specification.vendor" value="Oracle Corporation"/>
    <property name="user.variant" value=""/>
    <property name="os.name" value="Windows 10"/>
    <property name="classworlds.conf" value="E:\Projects\Selenium\.metadata\.plugins\org.eclipse.m2e.launching\launches\m2conf1092174593929484991.tmp"/>
    <property name="sun.jnu.encoding" value="Cp1252"/>
    <property name="java.library.path" value="C:\Program Files\Java\jdk1.8.0_73\bin;C:\WINDOWS\Sun\Java\bin;C:\WINDOWS\system32;C:\WINDOWS;C:/Program Files/Java/jre1.8.0_261/bin/server;C:/Program Files/Java/jre1.8.0_261/bin;C:/Program Files/Java/jre1.8.0_261/lib/amd64;C:\Program Files (x86)\Common Files\Oracle\Java\javapath;C:\ProgramData\Oracle\Java\javapath;C:\WINDOWS\system32;C:\WINDOWS;C:\WINDOWS\System32\Wbem;C:\WINDOWS\System32\WindowsPowerShell\v1.0\;C:\WINDOWS\System32\OpenSSH\;C:\Program Files\nodejs\;C:\Program Files\WindowsApps\CanonicalGroupLimited.Ubuntu18.04onWindows_1804.2019.522.0_x64__79rhkp1fndgsc;E:\Softwares\System\Selenium files\sdk-tools-windows-4333796\tools;E:\Softwares\System\Selenium files\apache-maven-3.6.2-bin\apache-maven-3.6.2\bin;C:\Program Files\Java\jdk1.8.0_73;C:\Program Files\Java\jdk1.8.0_73\bin;C:\Program Files\MySQL\MySQL Shell 8.0\bin\;C:\Users\Abdul\AppData\Local\Programs\Microsoft VS Code\bin;C:\Users\Abdul\AppData\Local\Microsoft\WindowsApps;E:\Softwares\System\Selenium files\eclipse-jee-neon-3-win32-x86_64\eclipse;;."/>
    <property name="java.specification.name" value="Java Platform API Specification"/>
    <property name="java.class.version" value="52.0"/>
    <property name="sun.management.compiler" value="HotSpot 64-Bit Tiered Compilers"/>
    <property name="os.version" value="10.0"/>
    <property name="user.home" value="C:\Users\Abdul"/>
    <property name="user.timezone" value="Asia/Calcutta"/>
    <property name="java.awt.printerjob" value="sun.awt.windows.WPrinterJob"/>
    <property name="java.specification.version" value="1.8"/>
    <property name="file.encoding" value="Cp1252"/>
    <property name="user.name" value="Abdul"/>
    <property name="java.class.path" value="/E:/Softwares/System/Selenium files/eclipse-jee-neon-3-win32-x86_64/eclipse/plugins/org.eclipse.m2e.maven.runtime_1.7.0.20160603-1931/jars/plexus-classworlds-2.5.2.jar"/>
    <property name="java.vm.specification.version" value="1.8"/>
    <property name="sun.arch.data.model" value="64"/>
    <property name="java.home" value="C:\Program Files\Java\jdk1.8.0_73\jre"/>
    <property name="sun.java.command" value="org.codehaus.plexus.classworlds.launcher.Launcher -B test"/>
    <property name="java.specification.vendor" value="Oracle Corporation"/>
    <property name="user.language" value="en"/>
    <property name="awt.toolkit" value="sun.awt.windows.WToolkit"/>
    <property name="java.vm.info" value="mixed mode"/>
    <property name="java.version" value="1.8.0_73"/>
    <property name="java.ext.dirs" value="C:\Program Files\Java\jdk1.8.0_73\jre\lib\ext;C:\WINDOWS\Sun\Java\lib\ext"/>
    <property name="sun.boot.class.path" value="C:\Program Files\Java\jdk1.8.0_73\jre\lib\resources.jar;C:\Program Files\Java\jdk1.8.0_73\jre\lib\rt.jar;C:\Program Files\Java\jdk1.8.0_73\jre\lib\sunrsasign.jar;C:\Program Files\Java\jdk1.8.0_73\jre\lib\jsse.jar;C:\Program Files\Java\jdk1.8.0_73\jre\lib\jce.jar;C:\Program Files\Java\jdk1.8.0_73\jre\lib\charsets.jar;C:\Program Files\Java\jdk1.8.0_73\jre\lib\jfr.jar;C:\Program Files\Java\jdk1.8.0_73\jre\classes"/>
    <property name="java.vendor" value="Oracle Corporation"/>
    <property name="maven.home" value="E:\Projects\Selenium\Cucumberdemo\EMBEDDED"/>
    <property name="file.separator" value="\"/>
    <property name="java.vendor.url.bug" value="http://bugreport.sun.com/bugreport/"/>
    <property name="sun.cpu.endian" value="little"/>
    <property name="sun.io.unicode.encoding" value="UnicodeLittle"/>
    <property name="sun.desktop" value="windows"/>
    <property name="sun.cpu.isalist" value="amd64"/>
  </properties>
  <testcase classname="Rahulsheety academy Webapp validation dess" name="User is able to successflly login with the credentials #1" time="22.747"/>
  <testcase classname="Rahulsheety academy Webapp validation dess" name="User is able to successflly login with the credentials #2" time="18.978"/>
  <testcase classname="Rahulsheety academy Webapp validation dess" name="User is able to successflly login with the credentials #3" time="19.114"/>
  <testcase classname="Rahulsheety academy Webapp validation" name="User is able to successfully submit the practice page form" time="6.697">
    <error type="java.lang.NullPointerException">java.lang.NullPointerException
	at stepDefenation.Stepdef2.user_clicks_on_practice_page_link(Stepdef2.java:51)
	at ✽.user clicks on practice page link(file:///E:/Projects/Selenium/Cucumberdemo/src/test/java/feature/webapp.feature:7)
</error>
    <system-out>
Scenario: User is able to successfully submit the practice page form     # src/test/java/feature/webapp.feature:5
  Given user is on homepage &quot;https://www.rahulshettyacademy.com/#/index&quot; # stepDefenation.Stepdef2.user_is_on_homepage_something(java.lang.String)
  When user clicks on practice page link                                 # stepDefenation.Stepdef2.user_clicks_on_practice_page_link()
      java.lang.NullPointerException
	at stepDefenation.Stepdef2.user_clicks_on_practice_page_link(Stepdef2.java:51)
	at âœ½.user clicks on practice page link(file:///E:/Projects/Selenium/Cucumberdemo/src/test/java/feature/webapp.feature:7)

  Then user is navigated to pracice page                                 # stepDefenation.Stepdef2.user_is_navigated_to_pracice_page()
  When user enters the name &quot;waseem&quot; and emailId &quot;kwas123@gmail.com&quot;     # stepDefenation.Stepdef2.user_enters_the_name_something_and_emailid_something(java.lang.String,java.lang.String)
  And selects the checkbox                                               # stepDefenation.Stepdef2.selects_the_checkbox()
  And clicks on submit                                                   # stepDefenation.Stepdef2.clicks_on_submit()
  Then user is successfully unlocked the practice apps                   # stepDefenation.Stepdef2.user_is_successfully_unlocked_the_practice_apps()
</system-out>
    <system-err>Starting ChromeDriver 85.0.4183.87 (cd6713ebf92fa1cacc0f1a598df280093af0c5d7-refs/branch-heads/4183@{#1689}) on port 47517
Only local connections are allowed.
Please see https://chromedriver.chromium.org/security-considerations for suggestions on keeping ChromeDriver safe.
ChromeDriver was started successfully.
[1604207534.601][WARNING]: This version of ChromeDriver has not been tested with Chrome version 86.
Nov 01, 2020 10:42:17 AM org.openqa.selenium.remote.ProtocolHandshake createSession
INFO: Detected dialect: W3C
</system-err>
  </testcase>
  <testcase classname="Rahulsheety academy Webapp validation" name="User is able to successflly login with the credentials #1" time="26.133"/>
  <testcase classname="Rahulsheety academy Webapp validation" name="User is able to successflly login with the credentials #2" time="21.931"/>
  <testcase classname="Rahulsheety academy Webapp validation" name="User is able to successflly login with the credentials #3" time="19.531"/>
</testsuite>